# JRE version: Java(TM) SE Runtime Environment 18.9 (11.0.16+11) (build 11.0.16+11-LTS-199)
# Java VM: Java HotSpot(TM) 64-Bit Server VM 18.9 (11.0.16+11-LTS-199, mixed mode, tiered, compressed oops, g1 gc, windows-amd64)
Heap:
 garbage-first heap   total 262144K, used 141413K [0x00000000e0000000, 0x0000000100000000)
  region size 1024K, 90 young (92160K), 11 survivors (11264K)
 Metaspace       used 66288K, capacity 68533K, committed 68608K, reserved 313344K
  class space    used 8629K, capacity 9446K, committed 9472K, reserved 253952K
GC Heap History (10 events):
Event: 21.701 GC heap before
{Heap before GC invocations=9 (full 0):
 garbage-first heap   total 262144K, used 163340K [0x00000000e0000000, 0x0000000100000000)
  region size 1024K, 144 young (147456K), 15 survivors (15360K)
 Metaspace       used 57625K, capacity 59125K, committed 59392K, reserved 305152K
  class space    used 7591K, capacity 8164K, committed 8192K, reserved 253952K
}
Event: 21.722 GC heap after
{Heap after GC invocations=10 (full 0):
 garbage-first heap   total 262144K, used 37108K [0x00000000e0000000, 0x0000000100000000)
  region size 1024K, 15 young (15360K), 15 survivors (15360K)
 Metaspace       used 57625K, capacity 59125K, committed 59392K, reserved 305152K
  class space    used 7591K, capacity 8164K, committed 8192K, reserved 253952K
}
Event: 22.144 GC heap before
{Heap before GC invocations=10 (full 0):
 garbage-first heap   total 262144K, used 82164K [0x00000000e0000000, 0x0000000100000000)
  region size 1024K, 60 young (61440K), 15 survivors (15360K)
 Metaspace       used 58378K, capacity 60048K, committed 60160K, reserved 307200K
  class space    used 7699K, capacity 8320K, committed 8320K, reserved 253952K
}
Event: 22.162 GC heap after
{Heap after GC invocations=11 (full 0):
 garbage-first heap   total 262144K, used 41610K [0x00000000e0000000, 0x0000000100000000)
  region size 1024K, 11 young (11264K), 11 survivors (11264K)
 Metaspace       used 58378K, capacity 60048K, committed 60160K, reserved 307200K
  class space    used 7699K, capacity 8320K, committed 8320K, reserved 253952K
}
Event: 27.304 GC heap before
{Heap before GC invocations=12 (full 0):
 garbage-first heap   total 262144K, used 167562K [0x00000000e0000000, 0x0000000100000000)
  region size 1024K, 135 young (138240K), 11 survivors (11264K)
 Metaspace       used 63993K, capacity 66011K, committed 66304K, reserved 311296K
  class space    used 8427K, capacity 9175K, committed 9216K, reserved 253952K
}
Event: 27.376 GC heap after
{Heap after GC invocations=13 (full 0):
 garbage-first heap   total 262144K, used 50690K [0x00000000e0000000, 0x0000000100000000)
  region size 1024K, 14 young (14336K), 14 survivors (14336K)
 Metaspace       used 63993K, capacity 66011K, committed 66304K, reserved 311296K
  class space    used 8427K, capacity 9175K, committed 9216K, reserved 253952K
}
Event: 29.575 GC heap before
{Heap before GC invocations=13 (full 0):
 garbage-first heap   total 262144K, used 177666K [0x00000000e0000000, 0x0000000100000000)
  region size 1024K, 139 young (142336K), 14 survivors (14336K)
 Metaspace       used 64649K, capacity 66692K, committed 66816K, reserved 313344K
  class space    used 8434K, capacity 9183K, committed 9216K, reserved 253952K
}
Event: 29.593 GC heap after
{Heap after GC invocations=14 (full 0):
 garbage-first heap   total 262144K, used 57479K [0x00000000e0000000, 0x0000000100000000)
  region size 1024K, 7 young (7168K), 7 survivors (7168K)
 Metaspace       used 64649K, capacity 66692K, committed 66816K, reserved 313344K
  class space    used 8434K, capacity 9183K, committed 9216K, reserved 253952K
}
Event: 30.739 GC heap before
{Heap before GC invocations=14 (full 0):
 garbage-first heap   total 262144K, used 185479K [0x00000000e0000000, 0x0000000100000000)
  region size 1024K, 132 young (135168K), 7 survivors (7168K)
 Metaspace       used 64932K, capacity 67027K, committed 67072K, reserved 313344K
  class space    used 8436K, capacity 9186K, committed 9216K, reserved 253952K
}
Event: 30.748 GC heap after
{Heap after GC invocations=15 (full 0):
 garbage-first heap   total 262144K, used 61541K [0x00000000e0000000, 0x0000000100000000)
  region size 1024K, 11 young (11264K), 11 survivors (11264K)
 Metaspace       used 64932K, capacity 67027K, committed 67072K, reserved 313344K
  class space    used 8436K, capacity 9186K, committed 9216K, reserved 253952K
}

