# JRE version: Java(TM) SE Runtime Environment 18.9 (11.0.16+11) (build 11.0.16+11-LTS-199)
# Java VM: Java HotSpot(TM) 64-Bit Server VM 18.9 (11.0.16+11-LTS-199, mixed mode, tiered, compressed oops, g1 gc, windows-amd64)
Heap:
 garbage-first heap   total 129024K, used 24568K [0x0000000082e00000, 0x0000000100000000)
  region size 1024K, 5 young (5120K), 5 survivors (5120K)
 Metaspace       used 53871K, capacity 55173K, committed 55296K, reserved 1105920K
  class space    used 7289K, capacity 7850K, committed 7936K, reserved 1048576K
GC Heap History (10 events):
Event: 15.542 GC heap before
{Heap before GC invocations=5 (full 0):
 garbage-first heap   total 129024K, used 85403K [0x0000000082e00000, 0x0000000100000000)
  region size 1024K, 75 young (76800K), 5 survivors (5120K)
 Metaspace       used 32751K, capacity 33762K, committed 33792K, reserved 1079296K
  class space    used 4187K, capacity 4598K, committed 4608K, reserved 1048576K
}
Event: 15.558 GC heap after
{Heap after GC invocations=6 (full 0):
 garbage-first heap   total 129024K, used 16025K [0x0000000082e00000, 0x0000000100000000)
  region size 1024K, 7 young (7168K), 7 survivors (7168K)
 Metaspace       used 32751K, capacity 33762K, committed 33792K, reserved 1079296K
  class space    used 4187K, capacity 4598K, committed 4608K, reserved 1048576K
}
Event: 16.450 GC heap before
{Heap before GC invocations=6 (full 0):
 garbage-first heap   total 129024K, used 36505K [0x0000000082e00000, 0x0000000100000000)
  region size 1024K, 28 young (28672K), 7 survivors (7168K)
 Metaspace       used 34712K, capacity 35768K, committed 35840K, reserved 1081344K
  class space    used 4495K, capacity 4920K, committed 4992K, reserved 1048576K
}
Event: 16.473 GC heap after
{Heap after GC invocations=7 (full 0):
 garbage-first heap   total 129024K, used 17815K [0x0000000082e00000, 0x0000000100000000)
  region size 1024K, 7 young (7168K), 7 survivors (7168K)
 Metaspace       used 34712K, capacity 35768K, committed 35840K, reserved 1081344K
  class space    used 4495K, capacity 4920K, committed 4992K, reserved 1048576K
}
Event: 19.741 GC heap before
{Heap before GC invocations=8 (full 0):
 garbage-first heap   total 129024K, used 89495K [0x0000000082e00000, 0x0000000100000000)
  region size 1024K, 73 young (74752K), 7 survivors (7168K)
 Metaspace       used 40505K, capacity 41700K, committed 41984K, reserved 1085440K
  class space    used 5259K, capacity 5771K, committed 5888K, reserved 1048576K
}
Event: 19.805 GC heap after
{Heap after GC invocations=9 (full 0):
 garbage-first heap   total 129024K, used 19953K [0x0000000082e00000, 0x0000000100000000)
  region size 1024K, 7 young (7168K), 7 survivors (7168K)
 Metaspace       used 40505K, capacity 41700K, committed 41984K, reserved 1085440K
  class space    used 5259K, capacity 5771K, committed 5888K, reserved 1048576K
}
Event: 22.325 GC heap before
{Heap before GC invocations=9 (full 0):
 garbage-first heap   total 129024K, used 88561K [0x0000000082e00000, 0x0000000100000000)
  region size 1024K, 75 young (76800K), 7 survivors (7168K)
 Metaspace       used 50697K, capacity 52016K, committed 52096K, reserved 1093632K
  class space    used 6749K, capacity 7290K, committed 7296K, reserved 1048576K
}
Event: 22.338 GC heap after
{Heap after GC invocations=10 (full 0):
 garbage-first heap   total 129024K, used 24021K [0x0000000082e00000, 0x0000000100000000)
  region size 1024K, 9 young (9216K), 9 survivors (9216K)
 Metaspace       used 50697K, capacity 52016K, committed 52096K, reserved 1093632K
  class space    used 6749K, capacity 7290K, committed 7296K, reserved 1048576K
}
Event: 23.118 GC heap before
{Heap before GC invocations=10 (full 0):
 garbage-first heap   total 129024K, used 51669K [0x0000000082e00000, 0x0000000100000000)
  region size 1024K, 37 young (37888K), 9 survivors (9216K)
 Metaspace       used 53871K, capacity 55173K, committed 55296K, reserved 1103872K
  class space    used 7289K, capacity 7850K, committed 7936K, reserved 1048576K
}
Event: 23.133 GC heap after
{Heap after GC invocations=11 (full 0):
 garbage-first heap   total 129024K, used 24568K [0x0000000082e00000, 0x0000000100000000)
  region size 1024K, 5 young (5120K), 5 survivors (5120K)
 Metaspace       used 53871K, capacity 55173K, committed 55296K, reserved 1103872K
  class space    used 7289K, capacity 7850K, committed 7936K, reserved 1048576K
}

